<?xml version="1.0" encoding="UTF-8"?>
<testsuite xmlns:xsi="http://www.w3.org/2001/XMLSchema-instance" xsi:noNamespaceSchemaLocation="https://maven.apache.org/surefire/maven-surefire-plugin/xsd/surefire-test-report.xsd" version="3.0.2" name="com.example.Portfolio_backend.PortfolioBackendApplicationTests" time="4.042" tests="1" errors="0" skipped="0" failures="0">
  <properties>
[...]
</properties>
  <testcase name="contextLoads" classname="com.example.Portfolio_backend.PortfolioBackendApplicationTests" time="1.104">
    <system-out><![CDATA[21:46:42.076 [main] INFO org.springframework.test.context.support.AnnotationConfigContextLoaderUtils -- Could not detect default configuration classes for test class [com.example.Portfolio_backend.PortfolioBackendApplicationTests]: PortfolioBackendApplicationTests does not declare any static, non-private, non-final, nested classes annotated with @Configuration.
21:46:42.201 [main] INFO org.springframework.boot.test.context.SpringBootTestContextBootstrapper -- Found @SpringBootConfiguration com.example.Portfolio_backend.PortfolioBackendApplication for test class com.example.Portfolio_backend.PortfolioBackendApplicationTests

  .   ____          _            __ _ _
 /\\ / ___'_ __ _ _(_)_ __  __ _ \ \ \ \
( ( )\___ | '_ | '_| | '_ \/ _` | \ \ \ \
 \\/  ___)| |_)| | | | | || (_| |  ) ) ) )
  '  |____| .__|_| |_|_| |_\__, | / / / /
 =========|_|==============|___/=/_/_/_/

 :: Spring Boot ::                (v3.4.0)

2024-12-10T21:46:42.811+05:30  INFO 4407 --- [Portfolio-backend] [           main] c.e.P.PortfolioBackendApplicationTests   : Starting PortfolioBackendApplicationTests using Java 22.0.2 with PID 4407 (started by vaibhavshekhar in /Users/vaibhavshekhar/Desktop/Portfolio-backend)
2024-12-10T21:46:42.813+05:30  INFO 4407 --- [Portfolio-backend] [           main] c.e.P.PortfolioBackendApplicationTests   : No active profile set, falling back to 1 default profile: "default"
2024-12-10T21:46:44.615+05:30  WARN 4407 --- [Portfolio-backend] [           main] ion$DefaultTemplateResolverConfiguration : Cannot find template location: classpath:/templates/ (please add some templates, check your Thymeleaf configuration, or set spring.thymeleaf.check-template-location=false)
2024-12-10T21:46:44.722+05:30  INFO 4407 --- [Portfolio-backend] [           main] c.e.P.PortfolioBackendApplicationTests   : Started PortfolioBackendApplicationTests in 2.399 seconds (process running for 3.581)
]]></system-out>
    <system-err><![CDATA[Mockito is currently self-attaching to enable the inline-mock-maker. This will no longer work in future releases of the JDK. Please add Mockito as an agent to your build what is described in Mockito's documentation: https://javadoc.io/doc/org.mockito/mockito-core/latest/org/mockito/Mockito.html#0.3
WARNING: A Java agent has been loaded dynamically (/Users/vaibhavshekhar/.m2/repository/net/bytebuddy/byte-buddy-agent/1.15.10/byte-buddy-agent-1.15.10.jar)
WARNING: If a serviceability tool is in use, please run with -XX:+EnableDynamicAgentLoading to hide this warning
WARNING: If a serviceability tool is not in use, please run with -Djdk.instrument.traceUsage for more information
WARNING: Dynamic loading of agents will be disallowed by default in a future release
]]></system-err>
  </testcase>
</testsuite>